[ - ATTACK DETAILS FOR function now() { [native code] } - ]
 --> Detective: XSS - PATTERN 2
 --> Request: GET /index.html?wat=1%22%3E%3Cimg%20src=x%20onerror=alert%28%22XSS%22%29%3E%3Cnoscript%3E
 --> IP: 127.0.0.1
 --> Raw Request: { bufferSize: 0,
  fd: 8,
  type: 'tcp4',
  allowHalfOpen: true,
  _readWatcher: 
   { socket: [Circular],
     callback: [Function: onReadable] },
  destroyed: false,
  readable: true,
  _writeQueue: [],
  _writeQueueEncoding: [],
  _writeQueueFD: [],
  _writeQueueCallbacks: [],
  _writeWatcher: 
   { socket: [Circular],
     callback: [Function: onWritable] },
  writable: true,
  _writeImpl: [Function],
  _readImpl: [Function],
  _shutdownImpl: [Function],
  remoteAddress: '127.0.0.1',
  remotePort: 48934,
  server: 
   { connections: 6,
     allowHalfOpen: true,
     watcher: { host: [Circular], callback: [Function] },
     _events: 
      { request: [Function],
        connection: [Function: connectionListener] },
     httpAllowHalfOpen: false,
     type: 'tcp4',
     fd: 5 },
  ondrain: [Function],
  _idleTimeout: 120000,
  _idleNext: 
   { bufferSize: 0,
     fd: 7,
     type: 'tcp4',
     allowHalfOpen: true,
     _readWatcher: 
      { socket: [Circular],
        callback: [Function: onReadable] },
     destroyed: false,
     readable: true,
     _writeQueue: [],
     _writeQueueEncoding: [],
     _writeQueueFD: [],
     _writeQueueCallbacks: [],
     _writeWatcher: 
      { socket: [Circular],
        callback: [Function: onWritable] },
     writable: true,
     _writeImpl: [Function],
     _readImpl: [Function],
     _shutdownImpl: [Function],
     remoteAddress: '127.0.0.1',
     remotePort: 48933,
     server: 
      { connections: 6,
        allowHalfOpen: true,
        watcher: [Object],
        _events: [Object],
        httpAllowHalfOpen: false,
        type: 'tcp4',
        fd: 5 },
     ondrain: [Function],
     _idleTimeout: 120000,
     _idleNext: 
      { bufferSize: 0,
        fd: 12,
        type: 'tcp4',
        allowHalfOpen: true,
        _readWatcher: [Object],
        destroyed: false,
        readable: true,
        _writeQueue: [],
        _writeQueueEncoding: [],
        _writeQueueFD: [],
        _writeQueueCallbacks: [],
        _writeWatcher: [Object],
        writable: true,
        _writeImpl: [Function],
        _readImpl: [Function],
        _shutdownImpl: [Function],
        remoteAddress: '127.0.0.1',
        remotePort: 48938,
        server: [Object],
        ondrain: [Function],
        _idleTimeout: 120000,
        _idleNext: [Object],
        _idlePrev: [Circular],
        _idleStart: Fri, 22 Jul 2011 22:01:13 GMT,
        _events: [Object],
        ondata: [Function],
        onend: [Function] },
     _idlePrev: [Circular],
     _idleStart: Fri, 22 Jul 2011 22:01:13 GMT,
     _events: 
      { timeout: [Function],
        error: [Function],
        close: [Function] },
     ondata: [Function],
     onend: [Function],
     _httpMessage: 
      { output: [],
        outputEncodings: [],
        writable: true,
        _last: false,
        chunkedEncoding: false,
        shouldKeepAlive: true,
        useChunkedEncodingByDefault: true,
        _hasBody: true,
        _trailer: '',
        finished: false,
        socket: [Circular],
        connection: [Circular],
        _events: [Object] } },
  _idlePrev: 
   { repeat: 120,
     _idleNext: [Circular],
     _idlePrev: 
      { bufferSize: 0,
        fd: 9,
        type: 'tcp4',
        allowHalfOpen: true,
        _readWatcher: [Object],
        destroyed: false,
        readable: true,
        _writeQueue: [],
        _writeQueueEncoding: [],
        _writeQueueFD: [],
        _writeQueueCallbacks: [],
        _writeWatcher: [Object],
        writable: true,
        _writeImpl: [Function],
        _readImpl: [Function],
        _shutdownImpl: [Function],
        remoteAddress: '127.0.0.1',
        remotePort: 48935,
        server: [Object],
        ondrain: [Function],
        _idleTimeout: 120000,
        _idleNext: [Circular],
        _idlePrev: [Object],
        _idleStart: Fri, 22 Jul 2011 22:01:13 GMT,
        _events: [Object],
        ondata: [Function],
        onend: [Function] },
     callback: [Function] },
  _idleStart: Fri, 22 Jul 2011 22:01:25 GMT,
  _events: 
   { timeout: [Function],
     error: [Function],
     close: [Function] },
  ondata: [Function],
  onend: [Function],
  _httpMessage: 
   { output: [],
     outputEncodings: [],
     writable: true,
     _last: false,
     chunkedEncoding: false,
     shouldKeepAlive: true,
     useChunkedEncodingByDefault: true,
     _hasBody: true,
     _trailer: '',
     finished: false,
     socket: [Circular],
     connection: [Circular],
     _events: { finish: [Function] } } }
[ - END ATTACK DETAILS - ]

[ - ATTACK DETAILS FOR function now() { [native code] } - ]
 --> Detective: SQLi - PATTERN 0
 --> Request: GET /index.html?id=1'%20OR%20'1'='1'
 --> IP: 127.0.0.1
 --> Raw Request: { bufferSize: 0,
  fd: 7,
  type: 'tcp4',
  allowHalfOpen: true,
  _readWatcher: 
   { socket: [Circular],
     callback: [Function: onReadable] },
  destroyed: false,
  readable: true,
  _writeQueue: [],
  _writeQueueEncoding: [],
  _writeQueueFD: [],
  _writeQueueCallbacks: [],
  _writeWatcher: 
   { socket: [Circular],
     callback: [Function: onWritable] },
  writable: true,
  _writeImpl: [Function],
  _readImpl: [Function],
  _shutdownImpl: [Function],
  remoteAddress: '127.0.0.1',
  remotePort: 41507,
  server: 
   { connections: 1,
     allowHalfOpen: true,
     watcher: { host: [Circular], callback: [Function] },
     _events: 
      { request: [Function],
        connection: [Function: connectionListener] },
     httpAllowHalfOpen: false,
     type: 'tcp4',
     fd: 5 },
  ondrain: [Function],
  _idleTimeout: 120000,
  _idleNext: 
   { repeat: 120,
     _idleNext: [Circular],
     _idlePrev: [Circular],
     callback: [Function] },
  _idlePrev: 
   { repeat: 120,
     _idleNext: [Circular],
     _idlePrev: [Circular],
     callback: [Function] },
  _idleStart: Fri, 22 Jul 2011 22:23:28 GMT,
  _events: 
   { timeout: [Function],
     error: [Function],
     close: [Function] },
  ondata: [Function],
  onend: [Function],
  _httpMessage: 
   { output: [],
     outputEncodings: [],
     writable: true,
     _last: false,
     chunkedEncoding: false,
     shouldKeepAlive: true,
     useChunkedEncodingByDefault: true,
     _hasBody: true,
     _trailer: '',
     finished: false,
     socket: [Circular],
     connection: [Circular],
     _events: { finish: [Function] } } }
[ - END ATTACK DETAILS - ]

